2017-05-12 16:46:52,173 [Worker-1] INFO  c.g.t.t.d.PublishedGradleVersions - Gradle version information cache is up-to-date. Trying to read.
2017-05-15 10:03:39,247 [Worker-53] INFO  o.e.m.c.i.l.LifecycleMappingFactory - Using NULL lifecycle mapping for MavenProject: com.westfieldlabs:aem-unified:0.2.1926-SNAPSHOT @ /Users/renovite/Documents/git/aem_unified/pom.xml.
2017-05-15 10:03:39,255 [Worker-53] INFO  o.e.m.c.i.l.LifecycleMappingFactory - Using NULL lifecycle mapping for MavenProject: com.westfieldlabs:parent:0.2.1926-SNAPSHOT @ /Users/renovite/Documents/git/aem_unified/parent/pom.xml.
2017-05-15 10:03:39,259 [Worker-53] INFO  o.e.m.c.i.l.LifecycleMappingFactory - Using NULL lifecycle mapping for MavenProject: com.westfieldlabs:bluegrass:0.2.1926-SNAPSHOT @ /Users/renovite/Documents/git/aem_unified/bluegrass/pom.xml.
2017-05-15 10:03:39,585 [Worker-53] INFO  o.e.m.c.i.l.LifecycleMappingFactory - Using DEFAULT lifecycle mapping for MavenProject: com.westfieldlabs:bluegrass-bundle:0.2.1926-SNAPSHOT @ /Users/renovite/Documents/git/aem_unified/bluegrass/bundle/pom.xml.
2017-05-15 10:03:39,879 [Worker-53] INFO  o.e.m.c.i.l.LifecycleMappingFactory - Using DEFAULT lifecycle mapping for MavenProject: com.westfieldlabs:bluegrass-content:0.2.1926-SNAPSHOT @ /Users/renovite/Documents/git/aem_unified/bluegrass/content/pom.xml.
2017-05-15 10:03:39,893 [Worker-53] INFO  o.e.m.c.i.l.LifecycleMappingFactory - Using NULL lifecycle mapping for MavenProject: com.westfieldlabs:centre:0.2.1926-SNAPSHOT @ /Users/renovite/Documents/git/aem_unified/centre/pom.xml.
2017-05-15 10:03:39,920 [Worker-53] INFO  o.e.m.c.i.l.LifecycleMappingFactory - Using DEFAULT lifecycle mapping for MavenProject: com.westfieldlabs:centre-bundle:0.2.1926-SNAPSHOT @ /Users/renovite/Documents/git/aem_unified/centre/bundle/pom.xml.
2017-05-15 10:03:40,019 [Worker-53] INFO  o.e.m.c.i.l.LifecycleMappingFactory - Using DEFAULT lifecycle mapping for MavenProject: com.westfieldlabs:centre-content:0.2.1926-SNAPSHOT @ /Users/renovite/Documents/git/aem_unified/centre/content/pom.xml.
2017-05-15 10:03:40,027 [Worker-53] INFO  o.e.m.c.i.l.LifecycleMappingFactory - Using NULL lifecycle mapping for MavenProject: com.westfieldlabs:gpp:0.2.1926-SNAPSHOT @ /Users/renovite/Documents/git/aem_unified/gpp/pom.xml.
2017-05-15 10:03:40,057 [Worker-53] INFO  o.e.m.c.i.l.LifecycleMappingFactory - Using DEFAULT lifecycle mapping for MavenProject: com.westfieldlabs:gpp-bundle:0.2.1926-SNAPSHOT @ /Users/renovite/Documents/git/aem_unified/gpp/bundle/pom.xml.
2017-05-15 10:03:40,154 [Worker-53] INFO  o.e.m.c.i.l.LifecycleMappingFactory - Using DEFAULT lifecycle mapping for MavenProject: com.westfieldlabs:gpp-content:0.2.1926-SNAPSHOT @ /Users/renovite/Documents/git/aem_unified/gpp/content/pom.xml.
2017-05-15 10:03:40,167 [Worker-53] INFO  o.e.m.c.i.l.LifecycleMappingFactory - Using NULL lifecycle mapping for MavenProject: com.westfieldlabs:configs:0.2.1926-SNAPSHOT @ /Users/renovite/Documents/git/aem_unified/configs/pom.xml.
2017-05-15 10:03:40,193 [Worker-53] INFO  o.e.m.c.i.l.LifecycleMappingFactory - Using DEFAULT lifecycle mapping for MavenProject: com.westfieldlabs:configs-content:0.2.1926-SNAPSHOT @ /Users/renovite/Documents/git/aem_unified/configs/content/pom.xml.
2017-05-15 10:03:40,220 [Worker-53] INFO  o.e.m.c.i.l.LifecycleMappingFactory - Using DEFAULT lifecycle mapping for MavenProject: com.westfieldlabs:combined:0.2.1926-SNAPSHOT @ /Users/renovite/Documents/git/aem_unified/combined/pom.xml.
2017-05-15 10:03:43,534 [Worker-53] INFO  o.e.m.j.i.AbstractJavaProjectConfigurator - Adding source folder /bluegrass-bundle/src/main/java
2017-05-15 10:03:43,535 [Worker-53] INFO  o.e.m.j.i.AbstractJavaProjectConfigurator - Adding resource folder /bluegrass-bundle/src/main/resources
2017-05-15 10:03:43,535 [Worker-53] INFO  o.e.m.j.i.AbstractJavaProjectConfigurator - Adding source folder /bluegrass-bundle/src/test/java
2017-05-15 10:03:43,620 [Worker-53] INFO  o.e.m.j.i.AbstractJavaProjectConfigurator - Adding source folder /gpp-bundle/src/main/java
2017-05-15 10:03:43,621 [Worker-53] INFO  o.e.m.j.i.AbstractJavaProjectConfigurator - Adding source folder /gpp-bundle/src/test/java
2017-05-15 10:03:43,746 [Worker-53] INFO  o.e.m.j.i.AbstractJavaProjectConfigurator - Adding source folder /bluegrass-content/src/main/java
2017-05-15 10:03:43,747 [Worker-53] INFO  o.e.m.j.i.AbstractJavaProjectConfigurator - Adding resource folder /bluegrass-content/src/main/content/jcr_root
2017-05-15 10:03:43,939 [Worker-53] INFO  o.e.m.j.i.AbstractJavaProjectConfigurator - Adding source folder /bluegrass-content/src/test/java
2017-05-15 10:03:43,974 [Worker-53] INFO  o.e.m.j.i.AbstractJavaProjectConfigurator - Adding source folder /centre-bundle/src/main/java
2017-05-15 10:03:43,974 [Worker-53] INFO  o.e.m.j.i.AbstractJavaProjectConfigurator - Adding resource folder /centre-bundle/src/main/resources
2017-05-15 10:03:43,975 [Worker-53] INFO  o.e.m.j.i.AbstractJavaProjectConfigurator - Adding source folder /centre-bundle/src/test/java
2017-05-15 10:03:44,059 [Worker-53] INFO  o.e.m.j.i.AbstractJavaProjectConfigurator - Adding source folder /centre-content/src/main/java
2017-05-15 10:03:44,059 [Worker-53] INFO  o.e.m.j.i.AbstractJavaProjectConfigurator - Adding resource folder /centre-content/src/main/content/jcr_root
2017-05-15 10:03:44,072 [Worker-53] INFO  o.e.m.j.i.AbstractJavaProjectConfigurator - Adding source folder /centre-content/src/test/java
2017-05-15 10:03:44,112 [Worker-53] INFO  o.e.m.j.i.AbstractJavaProjectConfigurator - Adding source folder /gpp-content/src/main/java
2017-05-15 10:03:44,112 [Worker-53] INFO  o.e.m.j.i.AbstractJavaProjectConfigurator - Adding resource folder /gpp-content/src/main/content/jcr_root
2017-05-15 10:03:44,311 [Worker-53] INFO  o.e.m.j.i.AbstractJavaProjectConfigurator - Adding source folder /gpp-content/src/test/java
2017-05-15 10:03:44,390 [Worker-53] INFO  o.e.m.j.i.AbstractJavaProjectConfigurator - Adding source folder /configs-content/src/main/java
2017-05-15 10:03:44,390 [Worker-53] INFO  o.e.m.j.i.AbstractJavaProjectConfigurator - Adding resource folder /configs-content/src/main/content/jcr_root
2017-05-15 10:03:44,392 [Worker-53] INFO  o.e.m.j.i.AbstractJavaProjectConfigurator - Adding source folder /configs-content/src/test/java
2017-05-15 10:03:45,791 [Worker-53] INFO  o.e.m.j.i.AbstractJavaProjectConfigurator - Adding source folder /combined/src/main/java
2017-05-15 10:03:45,792 [Worker-53] INFO  o.e.m.j.i.AbstractJavaProjectConfigurator - Adding source folder /combined/src/test/java
2017-05-15 10:03:46,853 [Worker-53] INFO  o.e.m.c.i.p.ProjectConfigurationManager - Imported and configured 14 project(s) in 19 sec
2017-05-15 10:03:51,304 [Worker-49] INFO  o.e.m.c.i.embedder.EclipseLogger - Using 'UTF-8' encoding to copy filtered resources.
2017-05-15 10:03:51,310 [Worker-49] INFO  o.e.m.c.i.embedder.EclipseLogger - Copying 1 resource
2017-05-15 10:03:51,322 [Worker-49] INFO  o.e.m.c.i.embedder.EclipseLogger - Using 'UTF-8' encoding to copy filtered resources.
2017-05-15 10:03:51,322 [Worker-49] INFO  o.e.m.c.i.embedder.EclipseLogger - skip non existing resourceDirectory /Users/renovite/Documents/git/aem_unified/bluegrass/bundle/src/test/resources
2017-05-15 10:03:51,471 [Worker-49] INFO  o.e.m.c.i.embedder.EclipseLogger - Using 'UTF-8' encoding to copy filtered resources.
2017-05-15 10:03:51,556 [Worker-49] INFO  o.e.m.c.i.embedder.EclipseLogger - Copying 540 resources
2017-05-15 10:03:52,056 [Worker-49] INFO  o.e.m.c.i.embedder.EclipseLogger - Using 'UTF-8' encoding to copy filtered resources.
2017-05-15 10:03:52,057 [Worker-49] INFO  o.e.m.c.i.embedder.EclipseLogger - skip non existing resourceDirectory /Users/renovite/Documents/git/aem_unified/bluegrass/content/src/test/resources
2017-05-15 10:03:53,457 [Worker-49] INFO  o.e.m.c.i.embedder.EclipseLogger - Using 'UTF-8' encoding to copy filtered resources.
2017-05-15 10:03:53,457 [Worker-49] INFO  o.e.m.c.i.embedder.EclipseLogger - Copying 2 resources
2017-05-15 10:03:53,460 [Worker-49] INFO  o.e.m.c.i.embedder.EclipseLogger - Using 'UTF-8' encoding to copy filtered resources.
2017-05-15 10:03:53,460 [Worker-49] INFO  o.e.m.c.i.embedder.EclipseLogger - skip non existing resourceDirectory /Users/renovite/Documents/git/aem_unified/centre/bundle/src/test/resources
2017-05-15 10:03:53,755 [Worker-49] INFO  o.e.m.c.i.embedder.EclipseLogger - Using 'UTF-8' encoding to copy filtered resources.
2017-05-15 10:03:53,815 [Worker-49] INFO  o.e.m.c.i.embedder.EclipseLogger - Copying 714 resources
2017-05-15 10:03:54,393 [Worker-49] INFO  o.e.m.c.i.embedder.EclipseLogger - Using 'UTF-8' encoding to copy filtered resources.
2017-05-15 10:03:54,393 [Worker-49] INFO  o.e.m.c.i.embedder.EclipseLogger - skip non existing resourceDirectory /Users/renovite/Documents/git/aem_unified/centre/content/src/test/resources
2017-05-15 10:03:54,698 [Worker-49] INFO  o.e.m.c.i.embedder.EclipseLogger - Using 'UTF-8' encoding to copy filtered resources.
2017-05-15 10:03:54,701 [Worker-49] INFO  o.e.m.c.i.embedder.EclipseLogger - Copying 92 resources
2017-05-15 10:03:54,770 [Worker-49] INFO  o.e.m.c.i.embedder.EclipseLogger - Using 'UTF-8' encoding to copy filtered resources.
2017-05-15 10:03:54,770 [Worker-49] INFO  o.e.m.c.i.embedder.EclipseLogger - skip non existing resourceDirectory /Users/renovite/Documents/git/aem_unified/configs/content/src/test/resources
2017-05-15 10:03:55,553 [Worker-49] INFO  o.e.m.c.i.embedder.EclipseLogger - Using 'UTF-8' encoding to copy filtered resources.
2017-05-15 10:03:55,553 [Worker-49] INFO  o.e.m.c.i.embedder.EclipseLogger - skip non existing resourceDirectory /Users/renovite/Documents/git/aem_unified/gpp/bundle/src/main/resources
2017-05-15 10:03:55,554 [Worker-49] INFO  o.e.m.c.i.embedder.EclipseLogger - Using 'UTF-8' encoding to copy filtered resources.
2017-05-15 10:03:55,554 [Worker-49] INFO  o.e.m.c.i.embedder.EclipseLogger - skip non existing resourceDirectory /Users/renovite/Documents/git/aem_unified/gpp/bundle/src/test/resources
2017-05-15 10:03:55,657 [Worker-49] INFO  o.e.m.c.i.embedder.EclipseLogger - Using 'UTF-8' encoding to copy filtered resources.
2017-05-15 10:03:55,657 [Worker-49] INFO  o.e.m.c.i.embedder.EclipseLogger - skip non existing resourceDirectory /Users/renovite/Documents/git/aem_unified/combined/src/main/content/META-INF
2017-05-15 10:03:55,658 [Worker-49] INFO  o.e.m.c.i.embedder.EclipseLogger - Using 'UTF-8' encoding to copy filtered resources.
2017-05-15 10:03:55,659 [Worker-49] INFO  o.e.m.c.i.embedder.EclipseLogger - skip non existing resourceDirectory /Users/renovite/Documents/git/aem_unified/combined/src/test/resources
2017-05-15 10:03:55,843 [Worker-49] INFO  o.e.m.c.i.embedder.EclipseLogger - Using 'UTF-8' encoding to copy filtered resources.
2017-05-15 10:03:55,945 [Worker-49] INFO  o.e.m.c.i.embedder.EclipseLogger - Copying 320 resources
2017-05-15 10:03:56,324 [Worker-49] INFO  o.e.m.c.i.embedder.EclipseLogger - Using 'UTF-8' encoding to copy filtered resources.
2017-05-15 10:03:56,324 [Worker-49] INFO  o.e.m.c.i.embedder.EclipseLogger - skip non existing resourceDirectory /Users/renovite/Documents/git/aem_unified/gpp/content/src/test/resources
2017-05-15 12:36:09,662 [Worker-120] INFO  o.e.m.c.i.l.LifecycleMappingFactory - Using NULL lifecycle mapping for MavenProject: com.westfieldlabs:aem-unified:0.2.1926-SNAPSHOT @ /Users/renovite/Documents/git/aem_unified/pom.xml.
2017-05-15 12:36:09,665 [Worker-120] INFO  o.e.m.c.i.l.LifecycleMappingFactory - Using NULL lifecycle mapping for MavenProject: com.westfieldlabs:parent:0.2.1926-SNAPSHOT @ /Users/renovite/Documents/git/aem_unified/parent/pom.xml.
2017-05-15 12:36:09,667 [Worker-120] INFO  o.e.m.c.i.l.LifecycleMappingFactory - Using NULL lifecycle mapping for MavenProject: com.westfieldlabs:configs:0.2.1926-SNAPSHOT @ /Users/renovite/Documents/git/aem_unified/configs/pom.xml.
2017-05-15 12:36:09,796 [Worker-120] INFO  o.e.m.c.i.l.LifecycleMappingFactory - Using DEFAULT lifecycle mapping for MavenProject: com.westfieldlabs:configs-content:0.2.1926-SNAPSHOT @ /Users/renovite/Documents/git/aem_unified/configs/content/pom.xml.
2017-05-15 12:36:09,818 [Worker-120] INFO  o.e.m.c.i.l.LifecycleMappingFactory - Using DEFAULT lifecycle mapping for MavenProject: com.westfieldlabs:gpp-content:0.2.1926-SNAPSHOT @ /Users/renovite/Documents/git/aem_unified/gpp/content/pom.xml.
2017-05-15 12:36:09,911 [Worker-120] INFO  o.e.m.c.i.l.LifecycleMappingFactory - Using DEFAULT lifecycle mapping for MavenProject: com.westfieldlabs:centre-content:0.2.1926-SNAPSHOT @ /Users/renovite/Documents/git/aem_unified/centre/content/pom.xml.
2017-05-15 12:36:09,983 [Worker-120] INFO  o.e.m.c.i.l.LifecycleMappingFactory - Using DEFAULT lifecycle mapping for MavenProject: com.westfieldlabs:gpp-bundle:0.2.1926-SNAPSHOT @ /Users/renovite/Documents/git/aem_unified/gpp/bundle/pom.xml.
2017-05-15 12:36:10,037 [Worker-120] INFO  o.e.m.c.i.l.LifecycleMappingFactory - Using NULL lifecycle mapping for MavenProject: com.westfieldlabs:centre:0.2.1926-SNAPSHOT @ /Users/renovite/Documents/git/aem_unified/centre/pom.xml.
2017-05-15 12:36:10,057 [Worker-120] INFO  o.e.m.c.i.l.LifecycleMappingFactory - Using DEFAULT lifecycle mapping for MavenProject: com.westfieldlabs:bluegrass-bundle:0.2.1926-SNAPSHOT @ /Users/renovite/Documents/git/aem_unified/bluegrass/bundle/pom.xml.
2017-05-15 12:36:10,086 [Worker-120] INFO  o.e.m.c.i.l.LifecycleMappingFactory - Using DEFAULT lifecycle mapping for MavenProject: com.westfieldlabs:combined:0.2.1926-SNAPSHOT @ /Users/renovite/Documents/git/aem_unified/combined/pom.xml.
2017-05-15 12:36:10,155 [Worker-120] INFO  o.e.m.c.i.l.LifecycleMappingFactory - Using DEFAULT lifecycle mapping for MavenProject: com.westfieldlabs:centre-bundle:0.2.1926-SNAPSHOT @ /Users/renovite/Documents/git/aem_unified/centre/bundle/pom.xml.
2017-05-15 12:36:10,187 [Worker-120] INFO  o.e.m.c.i.l.LifecycleMappingFactory - Using NULL lifecycle mapping for MavenProject: com.westfieldlabs:gpp:0.2.1926-SNAPSHOT @ /Users/renovite/Documents/git/aem_unified/gpp/pom.xml.
2017-05-15 12:36:10,188 [Worker-120] INFO  o.e.m.c.i.l.LifecycleMappingFactory - Using NULL lifecycle mapping for MavenProject: com.westfieldlabs:bluegrass:0.2.1926-SNAPSHOT @ /Users/renovite/Documents/git/aem_unified/bluegrass/pom.xml.
2017-05-15 12:36:10,206 [Worker-120] INFO  o.e.m.c.i.l.LifecycleMappingFactory - Using DEFAULT lifecycle mapping for MavenProject: com.westfieldlabs:bluegrass-content:0.2.1926-SNAPSHOT @ /Users/renovite/Documents/git/aem_unified/bluegrass/content/pom.xml.
2017-05-15 12:36:10,688 [Worker-120] INFO  o.e.m.c.i.l.LifecycleMappingFactory - Using NULL lifecycle mapping for MavenProject: com.westfieldlabs:bluegrass:0.2.1926-SNAPSHOT @ /Users/renovite/Documents/git/aem_unified/bluegrass/pom.xml.
2017-05-15 12:36:10,743 [Worker-120] INFO  o.e.m.c.i.l.LifecycleMappingFactory - Using DEFAULT lifecycle mapping for MavenProject: com.westfieldlabs:bluegrass-bundle:0.2.1926-SNAPSHOT @ /Users/renovite/Documents/git/aem_unified/bluegrass/bundle/pom.xml.
2017-05-15 12:36:11,066 [Worker-120] INFO  o.e.m.c.i.embedder.EclipseLogger - Using 'UTF-8' encoding to copy filtered resources.
2017-05-15 12:36:11,076 [Worker-120] INFO  o.e.m.c.i.embedder.EclipseLogger - Copying 0 resource
2017-05-15 12:36:11,078 [Worker-120] INFO  o.e.m.c.i.embedder.EclipseLogger - Using 'UTF-8' encoding to copy filtered resources.
2017-05-15 12:36:11,078 [Worker-120] INFO  o.e.m.c.i.embedder.EclipseLogger - skip non existing resourceDirectory /Users/renovite/Documents/git/aem_unified/bluegrass/bundle/src/test/resources
2017-05-15 12:36:11,128 [Worker-120] INFO  o.e.m.c.i.l.LifecycleMappingFactory - Using DEFAULT lifecycle mapping for MavenProject: com.westfieldlabs:bluegrass-content:0.2.1926-SNAPSHOT @ /Users/renovite/Documents/git/aem_unified/bluegrass/content/pom.xml.
2017-05-15 12:36:11,241 [Worker-120] INFO  o.e.m.c.i.embedder.EclipseLogger - Using 'UTF-8' encoding to copy filtered resources.
2017-05-15 12:36:11,242 [Worker-120] INFO  o.e.m.c.i.embedder.EclipseLogger - Copying 0 resource
2017-05-15 12:36:11,244 [Worker-120] INFO  o.e.m.c.i.embedder.EclipseLogger - Using 'UTF-8' encoding to copy filtered resources.
2017-05-15 12:36:11,244 [Worker-120] INFO  o.e.m.c.i.embedder.EclipseLogger - skip non existing resourceDirectory /Users/renovite/Documents/git/aem_unified/bluegrass/content/src/test/resources
2017-05-15 12:36:11,300 [Worker-120] INFO  o.e.m.c.i.l.LifecycleMappingFactory - Using DEFAULT lifecycle mapping for MavenProject: com.westfieldlabs:centre-bundle:0.2.1926-SNAPSHOT @ /Users/renovite/Documents/git/aem_unified/centre/bundle/pom.xml.
2017-05-15 12:36:11,429 [Worker-120] INFO  o.e.m.c.i.embedder.EclipseLogger - Using 'UTF-8' encoding to copy filtered resources.
2017-05-15 12:36:11,429 [Worker-120] INFO  o.e.m.c.i.embedder.EclipseLogger - Copying 0 resource
2017-05-15 12:36:11,430 [Worker-120] INFO  o.e.m.c.i.embedder.EclipseLogger - Using 'UTF-8' encoding to copy filtered resources.
2017-05-15 12:36:11,430 [Worker-120] INFO  o.e.m.c.i.embedder.EclipseLogger - skip non existing resourceDirectory /Users/renovite/Documents/git/aem_unified/centre/bundle/src/test/resources
2017-05-15 12:36:11,467 [Worker-120] INFO  o.e.m.c.i.l.LifecycleMappingFactory - Using DEFAULT lifecycle mapping for MavenProject: com.westfieldlabs:centre-content:0.2.1926-SNAPSHOT @ /Users/renovite/Documents/git/aem_unified/centre/content/pom.xml.
2017-05-15 12:36:11,498 [Worker-120] INFO  o.e.m.c.i.embedder.EclipseLogger - Using 'UTF-8' encoding to copy filtered resources.
2017-05-15 12:36:11,498 [Worker-120] INFO  o.e.m.c.i.embedder.EclipseLogger - Copying 0 resource
2017-05-15 12:36:11,499 [Worker-120] INFO  o.e.m.c.i.embedder.EclipseLogger - Using 'UTF-8' encoding to copy filtered resources.
2017-05-15 12:36:11,499 [Worker-120] INFO  o.e.m.c.i.embedder.EclipseLogger - skip non existing resourceDirectory /Users/renovite/Documents/git/aem_unified/centre/content/src/test/resources
2017-05-15 12:36:11,513 [Worker-120] INFO  o.e.m.c.i.l.LifecycleMappingFactory - Using NULL lifecycle mapping for MavenProject: com.westfieldlabs:configs:0.2.1926-SNAPSHOT @ /Users/renovite/Documents/git/aem_unified/configs/pom.xml.
2017-05-15 12:36:11,550 [Worker-120] INFO  o.e.m.c.i.l.LifecycleMappingFactory - Using DEFAULT lifecycle mapping for MavenProject: com.westfieldlabs:configs-content:0.2.1926-SNAPSHOT @ /Users/renovite/Documents/git/aem_unified/configs/content/pom.xml.
2017-05-15 12:36:11,562 [Worker-120] INFO  o.e.m.c.i.embedder.EclipseLogger - Using 'UTF-8' encoding to copy filtered resources.
2017-05-15 12:36:11,563 [Worker-120] INFO  o.e.m.c.i.embedder.EclipseLogger - Copying 0 resource
2017-05-15 12:36:11,564 [Worker-120] INFO  o.e.m.c.i.embedder.EclipseLogger - Using 'UTF-8' encoding to copy filtered resources.
2017-05-15 12:36:11,564 [Worker-120] INFO  o.e.m.c.i.embedder.EclipseLogger - skip non existing resourceDirectory /Users/renovite/Documents/git/aem_unified/configs/content/src/test/resources
2017-05-15 12:36:11,581 [Worker-120] INFO  o.e.m.c.i.l.LifecycleMappingFactory - Using NULL lifecycle mapping for MavenProject: com.westfieldlabs:gpp:0.2.1926-SNAPSHOT @ /Users/renovite/Documents/git/aem_unified/gpp/pom.xml.
2017-05-15 12:36:11,620 [Worker-120] INFO  o.e.m.c.i.l.LifecycleMappingFactory - Using DEFAULT lifecycle mapping for MavenProject: com.westfieldlabs:gpp-bundle:0.2.1926-SNAPSHOT @ /Users/renovite/Documents/git/aem_unified/gpp/bundle/pom.xml.
2017-05-15 12:36:11,753 [Worker-120] INFO  o.e.m.c.i.embedder.EclipseLogger - Using 'UTF-8' encoding to copy filtered resources.
2017-05-15 12:36:11,753 [Worker-120] INFO  o.e.m.c.i.embedder.EclipseLogger - skip non existing resourceDirectory /Users/renovite/Documents/git/aem_unified/gpp/bundle/src/main/resources
2017-05-15 12:36:11,754 [Worker-120] INFO  o.e.m.c.i.embedder.EclipseLogger - Using 'UTF-8' encoding to copy filtered resources.
2017-05-15 12:36:11,754 [Worker-120] INFO  o.e.m.c.i.embedder.EclipseLogger - skip non existing resourceDirectory /Users/renovite/Documents/git/aem_unified/gpp/bundle/src/test/resources
2017-05-15 12:36:11,787 [Worker-120] INFO  o.e.m.c.i.l.LifecycleMappingFactory - Using DEFAULT lifecycle mapping for MavenProject: com.westfieldlabs:combined:0.2.1926-SNAPSHOT @ /Users/renovite/Documents/git/aem_unified/combined/pom.xml.
2017-05-15 12:36:11,880 [Worker-120] INFO  o.e.m.c.i.embedder.EclipseLogger - Using 'UTF-8' encoding to copy filtered resources.
2017-05-15 12:36:11,881 [Worker-120] INFO  o.e.m.c.i.embedder.EclipseLogger - skip non existing resourceDirectory /Users/renovite/Documents/git/aem_unified/combined/src/main/content/META-INF
2017-05-15 12:36:11,882 [Worker-120] INFO  o.e.m.c.i.embedder.EclipseLogger - Using 'UTF-8' encoding to copy filtered resources.
2017-05-15 12:36:11,882 [Worker-120] INFO  o.e.m.c.i.embedder.EclipseLogger - skip non existing resourceDirectory /Users/renovite/Documents/git/aem_unified/combined/src/test/resources
2017-05-15 12:36:11,920 [Worker-120] INFO  o.e.m.c.i.l.LifecycleMappingFactory - Using DEFAULT lifecycle mapping for MavenProject: com.westfieldlabs:gpp-content:0.2.1926-SNAPSHOT @ /Users/renovite/Documents/git/aem_unified/gpp/content/pom.xml.
2017-05-15 12:36:12,000 [Worker-120] INFO  o.e.m.c.i.embedder.EclipseLogger - Using 'UTF-8' encoding to copy filtered resources.
2017-05-15 12:36:12,000 [Worker-120] INFO  o.e.m.c.i.embedder.EclipseLogger - Copying 0 resource
2017-05-15 12:36:12,001 [Worker-120] INFO  o.e.m.c.i.embedder.EclipseLogger - Using 'UTF-8' encoding to copy filtered resources.
2017-05-15 12:36:12,001 [Worker-120] INFO  o.e.m.c.i.embedder.EclipseLogger - skip non existing resourceDirectory /Users/renovite/Documents/git/aem_unified/gpp/content/src/test/resources
2017-05-15 12:36:12,156 [Worker-120] INFO  o.e.m.c.i.l.LifecycleMappingFactory - Using NULL lifecycle mapping for MavenProject: com.westfieldlabs:parent:0.2.1926-SNAPSHOT @ /Users/renovite/Documents/git/aem_unified/parent/pom.xml.
2017-05-15 12:36:12,158 [Worker-120] INFO  o.e.m.c.i.l.LifecycleMappingFactory - Using NULL lifecycle mapping for MavenProject: com.westfieldlabs:centre:0.2.1926-SNAPSHOT @ /Users/renovite/Documents/git/aem_unified/centre/pom.xml.
2017-05-15 12:36:12,160 [Worker-120] INFO  o.e.m.c.i.l.LifecycleMappingFactory - Using NULL lifecycle mapping for MavenProject: com.westfieldlabs:bluegrass:0.2.1926-SNAPSHOT @ /Users/renovite/Documents/git/aem_unified/bluegrass/pom.xml.
2017-05-15 12:36:12,307 [Worker-120] INFO  o.e.m.c.i.l.LifecycleMappingFactory - Using DEFAULT lifecycle mapping for MavenProject: com.westfieldlabs:bluegrass-bundle:0.2.1926-SNAPSHOT @ /Users/renovite/Documents/git/aem_unified/bluegrass/bundle/pom.xml.
2017-05-15 12:36:12,442 [Worker-120] INFO  o.e.m.c.i.l.LifecycleMappingFactory - Using DEFAULT lifecycle mapping for MavenProject: com.westfieldlabs:bluegrass-content:0.2.1926-SNAPSHOT @ /Users/renovite/Documents/git/aem_unified/bluegrass/content/pom.xml.
2017-05-15 12:36:12,461 [Worker-120] INFO  o.e.m.c.i.l.LifecycleMappingFactory - Using DEFAULT lifecycle mapping for MavenProject: com.westfieldlabs:centre-bundle:0.2.1926-SNAPSHOT @ /Users/renovite/Documents/git/aem_unified/centre/bundle/pom.xml.
2017-05-15 12:36:12,504 [Worker-120] INFO  o.e.m.c.i.l.LifecycleMappingFactory - Using DEFAULT lifecycle mapping for MavenProject: com.westfieldlabs:centre-content:0.2.1926-SNAPSHOT @ /Users/renovite/Documents/git/aem_unified/centre/content/pom.xml.
2017-05-15 12:36:12,509 [Worker-120] INFO  o.e.m.c.i.l.LifecycleMappingFactory - Using NULL lifecycle mapping for MavenProject: com.westfieldlabs:configs:0.2.1926-SNAPSHOT @ /Users/renovite/Documents/git/aem_unified/configs/pom.xml.
2017-05-15 12:36:12,525 [Worker-120] INFO  o.e.m.c.i.l.LifecycleMappingFactory - Using DEFAULT lifecycle mapping for MavenProject: com.westfieldlabs:configs-content:0.2.1926-SNAPSHOT @ /Users/renovite/Documents/git/aem_unified/configs/content/pom.xml.
2017-05-15 12:36:12,527 [Worker-120] INFO  o.e.m.c.i.l.LifecycleMappingFactory - Using NULL lifecycle mapping for MavenProject: com.westfieldlabs:gpp:0.2.1926-SNAPSHOT @ /Users/renovite/Documents/git/aem_unified/gpp/pom.xml.
2017-05-15 12:36:12,542 [Worker-120] INFO  o.e.m.c.i.l.LifecycleMappingFactory - Using DEFAULT lifecycle mapping for MavenProject: com.westfieldlabs:gpp-bundle:0.2.1926-SNAPSHOT @ /Users/renovite/Documents/git/aem_unified/gpp/bundle/pom.xml.
2017-05-15 12:36:12,584 [Worker-120] INFO  o.e.m.c.i.l.LifecycleMappingFactory - Using DEFAULT lifecycle mapping for MavenProject: com.westfieldlabs:combined:0.2.1926-SNAPSHOT @ /Users/renovite/Documents/git/aem_unified/combined/pom.xml.
2017-05-15 12:36:12,614 [Worker-120] INFO  o.e.m.c.i.l.LifecycleMappingFactory - Using DEFAULT lifecycle mapping for MavenProject: com.westfieldlabs:gpp-content:0.2.1926-SNAPSHOT @ /Users/renovite/Documents/git/aem_unified/gpp/content/pom.xml.
2017-05-15 12:36:14,128 [Worker-117] INFO  o.e.m.c.i.embedder.EclipseLogger - Using 'UTF-8' encoding to copy filtered resources.
2017-05-15 12:36:14,129 [Worker-117] INFO  o.e.m.c.i.embedder.EclipseLogger - Copying 0 resource
2017-05-15 12:36:14,131 [Worker-117] INFO  o.e.m.c.i.embedder.EclipseLogger - Using 'UTF-8' encoding to copy filtered resources.
2017-05-15 12:36:14,131 [Worker-117] INFO  o.e.m.c.i.embedder.EclipseLogger - skip non existing resourceDirectory /Users/renovite/Documents/git/aem_unified/bluegrass/bundle/src/test/resources
2017-05-15 12:36:14,286 [Worker-117] INFO  o.e.m.c.i.embedder.EclipseLogger - Using 'UTF-8' encoding to copy filtered resources.
2017-05-15 12:36:14,287 [Worker-117] INFO  o.e.m.c.i.embedder.EclipseLogger - Copying 0 resource
2017-05-15 12:36:14,288 [Worker-117] INFO  o.e.m.c.i.embedder.EclipseLogger - Using 'UTF-8' encoding to copy filtered resources.
2017-05-15 12:36:14,288 [Worker-117] INFO  o.e.m.c.i.embedder.EclipseLogger - skip non existing resourceDirectory /Users/renovite/Documents/git/aem_unified/bluegrass/content/src/test/resources
2017-05-15 12:36:14,474 [Worker-117] INFO  o.e.m.c.i.embedder.EclipseLogger - Using 'UTF-8' encoding to copy filtered resources.
2017-05-15 12:36:14,475 [Worker-117] INFO  o.e.m.c.i.embedder.EclipseLogger - Copying 0 resource
2017-05-15 12:36:14,476 [Worker-117] INFO  o.e.m.c.i.embedder.EclipseLogger - Using 'UTF-8' encoding to copy filtered resources.
2017-05-15 12:36:14,476 [Worker-117] INFO  o.e.m.c.i.embedder.EclipseLogger - skip non existing resourceDirectory /Users/renovite/Documents/git/aem_unified/centre/bundle/src/test/resources
2017-05-15 12:36:14,551 [Worker-117] INFO  o.e.m.c.i.embedder.EclipseLogger - Using 'UTF-8' encoding to copy filtered resources.
2017-05-15 12:36:14,551 [Worker-117] INFO  o.e.m.c.i.embedder.EclipseLogger - Copying 0 resource
2017-05-15 12:36:14,552 [Worker-117] INFO  o.e.m.c.i.embedder.EclipseLogger - Using 'UTF-8' encoding to copy filtered resources.
2017-05-15 12:36:14,552 [Worker-117] INFO  o.e.m.c.i.embedder.EclipseLogger - skip non existing resourceDirectory /Users/renovite/Documents/git/aem_unified/centre/content/src/test/resources
2017-05-15 12:36:14,637 [Worker-117] INFO  o.e.m.c.i.embedder.EclipseLogger - Using 'UTF-8' encoding to copy filtered resources.
2017-05-15 12:36:14,638 [Worker-117] INFO  o.e.m.c.i.embedder.EclipseLogger - Copying 0 resource
2017-05-15 12:36:14,638 [Worker-117] INFO  o.e.m.c.i.embedder.EclipseLogger - Using 'UTF-8' encoding to copy filtered resources.
2017-05-15 12:36:14,639 [Worker-117] INFO  o.e.m.c.i.embedder.EclipseLogger - skip non existing resourceDirectory /Users/renovite/Documents/git/aem_unified/configs/content/src/test/resources
2017-05-15 12:36:14,813 [Worker-117] INFO  o.e.m.c.i.embedder.EclipseLogger - Using 'UTF-8' encoding to copy filtered resources.
2017-05-15 12:36:14,813 [Worker-117] INFO  o.e.m.c.i.embedder.EclipseLogger - skip non existing resourceDirectory /Users/renovite/Documents/git/aem_unified/gpp/bundle/src/main/resources
2017-05-15 12:36:14,814 [Worker-117] INFO  o.e.m.c.i.embedder.EclipseLogger - Using 'UTF-8' encoding to copy filtered resources.
2017-05-15 12:36:14,814 [Worker-117] INFO  o.e.m.c.i.embedder.EclipseLogger - skip non existing resourceDirectory /Users/renovite/Documents/git/aem_unified/gpp/bundle/src/test/resources
2017-05-15 12:36:14,973 [Worker-117] INFO  o.e.m.c.i.embedder.EclipseLogger - Using 'UTF-8' encoding to copy filtered resources.
2017-05-15 12:36:14,973 [Worker-117] INFO  o.e.m.c.i.embedder.EclipseLogger - skip non existing resourceDirectory /Users/renovite/Documents/git/aem_unified/combined/src/main/content/META-INF
2017-05-15 12:36:14,975 [Worker-117] INFO  o.e.m.c.i.embedder.EclipseLogger - Using 'UTF-8' encoding to copy filtered resources.
2017-05-15 12:36:14,975 [Worker-117] INFO  o.e.m.c.i.embedder.EclipseLogger - skip non existing resourceDirectory /Users/renovite/Documents/git/aem_unified/combined/src/test/resources
2017-05-15 12:36:15,099 [Worker-117] INFO  o.e.m.c.i.embedder.EclipseLogger - Using 'UTF-8' encoding to copy filtered resources.
2017-05-15 12:36:15,099 [Worker-117] INFO  o.e.m.c.i.embedder.EclipseLogger - Copying 0 resource
2017-05-15 12:36:15,099 [Worker-117] INFO  o.e.m.c.i.embedder.EclipseLogger - Using 'UTF-8' encoding to copy filtered resources.
2017-05-15 12:36:15,100 [Worker-117] INFO  o.e.m.c.i.embedder.EclipseLogger - skip non existing resourceDirectory /Users/renovite/Documents/git/aem_unified/gpp/content/src/test/resources
2017-05-15 12:37:16,259 [Worker-124] INFO  o.e.m.c.i.l.LifecycleMappingFactory - Using NULL lifecycle mapping for MavenProject: com.westfieldlabs:aem-unified:0.2.1930-SNAPSHOT @ /Users/renovite/Documents/git/aem_unified/pom.xml.
2017-05-15 12:37:16,261 [Worker-124] INFO  o.e.m.c.i.l.LifecycleMappingFactory - Using NULL lifecycle mapping for MavenProject: com.westfieldlabs:parent:0.2.1930-SNAPSHOT @ /Users/renovite/Documents/git/aem_unified/parent/pom.xml.
2017-05-15 12:37:16,266 [Worker-124] INFO  o.e.m.c.i.l.LifecycleMappingFactory - Using NULL lifecycle mapping for MavenProject: com.westfieldlabs:configs:0.2.1930-SNAPSHOT @ /Users/renovite/Documents/git/aem_unified/configs/pom.xml.
2017-05-15 12:37:16,435 [Worker-124] INFO  o.e.m.c.i.l.LifecycleMappingFactory - Using DEFAULT lifecycle mapping for MavenProject: com.westfieldlabs:configs-content:0.2.1930-SNAPSHOT @ /Users/renovite/Documents/git/aem_unified/configs/content/pom.xml.
2017-05-15 12:37:16,456 [Worker-124] INFO  o.e.m.c.i.l.LifecycleMappingFactory - Using DEFAULT lifecycle mapping for MavenProject: com.westfieldlabs:gpp-content:0.2.1930-SNAPSHOT @ /Users/renovite/Documents/git/aem_unified/gpp/content/pom.xml.
2017-05-15 12:37:16,534 [Worker-124] INFO  o.e.m.c.i.l.LifecycleMappingFactory - Using DEFAULT lifecycle mapping for MavenProject: com.westfieldlabs:centre-content:0.2.1930-SNAPSHOT @ /Users/renovite/Documents/git/aem_unified/centre/content/pom.xml.
2017-05-15 12:37:16,590 [Worker-124] INFO  o.e.m.c.i.l.LifecycleMappingFactory - Using DEFAULT lifecycle mapping for MavenProject: com.westfieldlabs:gpp-bundle:0.2.1930-SNAPSHOT @ /Users/renovite/Documents/git/aem_unified/gpp/bundle/pom.xml.
2017-05-15 12:37:16,632 [Worker-124] INFO  o.e.m.c.i.l.LifecycleMappingFactory - Using NULL lifecycle mapping for MavenProject: com.westfieldlabs:centre:0.2.1930-SNAPSHOT @ /Users/renovite/Documents/git/aem_unified/centre/pom.xml.
2017-05-15 12:37:16,646 [Worker-124] INFO  o.e.m.c.i.l.LifecycleMappingFactory - Using DEFAULT lifecycle mapping for MavenProject: com.westfieldlabs:bluegrass-bundle:0.2.1930-SNAPSHOT @ /Users/renovite/Documents/git/aem_unified/bluegrass/bundle/pom.xml.
2017-05-15 12:37:16,668 [Worker-124] INFO  o.e.m.c.i.l.LifecycleMappingFactory - Using DEFAULT lifecycle mapping for MavenProject: com.westfieldlabs:combined:0.2.1930-SNAPSHOT @ /Users/renovite/Documents/git/aem_unified/combined/pom.xml.
2017-05-15 12:37:16,694 [Worker-124] INFO  o.e.m.c.i.l.LifecycleMappingFactory - Using DEFAULT lifecycle mapping for MavenProject: com.westfieldlabs:centre-bundle:0.2.1930-SNAPSHOT @ /Users/renovite/Documents/git/aem_unified/centre/bundle/pom.xml.
2017-05-15 12:37:16,721 [Worker-124] INFO  o.e.m.c.i.l.LifecycleMappingFactory - Using NULL lifecycle mapping for MavenProject: com.westfieldlabs:gpp:0.2.1930-SNAPSHOT @ /Users/renovite/Documents/git/aem_unified/gpp/pom.xml.
2017-05-15 12:37:16,723 [Worker-124] INFO  o.e.m.c.i.l.LifecycleMappingFactory - Using NULL lifecycle mapping for MavenProject: com.westfieldlabs:bluegrass:0.2.1930-SNAPSHOT @ /Users/renovite/Documents/git/aem_unified/bluegrass/pom.xml.
2017-05-15 12:37:16,737 [Worker-124] INFO  o.e.m.c.i.l.LifecycleMappingFactory - Using DEFAULT lifecycle mapping for MavenProject: com.westfieldlabs:bluegrass-content:0.2.1930-SNAPSHOT @ /Users/renovite/Documents/git/aem_unified/bluegrass/content/pom.xml.
2017-05-15 12:37:17,171 [Worker-120] INFO  o.e.m.c.i.l.LifecycleMappingFactory - Using NULL lifecycle mapping for MavenProject: com.westfieldlabs:bluegrass:0.2.1930-SNAPSHOT @ /Users/renovite/Documents/git/aem_unified/bluegrass/pom.xml.
2017-05-15 12:37:17,220 [Worker-120] INFO  o.e.m.c.i.l.LifecycleMappingFactory - Using DEFAULT lifecycle mapping for MavenProject: com.westfieldlabs:bluegrass-bundle:0.2.1930-SNAPSHOT @ /Users/renovite/Documents/git/aem_unified/bluegrass/bundle/pom.xml.
2017-05-15 12:37:17,427 [Worker-120] INFO  o.e.m.c.i.embedder.EclipseLogger - Using 'UTF-8' encoding to copy filtered resources.
2017-05-15 12:37:17,429 [Worker-120] INFO  o.e.m.c.i.embedder.EclipseLogger - Copying 0 resource
2017-05-15 12:37:17,430 [Worker-120] INFO  o.e.m.c.i.embedder.EclipseLogger - Using 'UTF-8' encoding to copy filtered resources.
2017-05-15 12:37:17,430 [Worker-120] INFO  o.e.m.c.i.embedder.EclipseLogger - skip non existing resourceDirectory /Users/renovite/Documents/git/aem_unified/bluegrass/bundle/src/test/resources
2017-05-15 12:37:17,478 [Worker-120] INFO  o.e.m.c.i.l.LifecycleMappingFactory - Using DEFAULT lifecycle mapping for MavenProject: com.westfieldlabs:bluegrass-content:0.2.1930-SNAPSHOT @ /Users/renovite/Documents/git/aem_unified/bluegrass/content/pom.xml.
2017-05-15 12:37:17,583 [Worker-120] INFO  o.e.m.c.i.embedder.EclipseLogger - Using 'UTF-8' encoding to copy filtered resources.
2017-05-15 12:37:17,584 [Worker-120] INFO  o.e.m.c.i.embedder.EclipseLogger - Copying 0 resource
2017-05-15 12:37:17,585 [Worker-120] INFO  o.e.m.c.i.embedder.EclipseLogger - Using 'UTF-8' encoding to copy filtered resources.
2017-05-15 12:37:17,585 [Worker-120] INFO  o.e.m.c.i.embedder.EclipseLogger - skip non existing resourceDirectory /Users/renovite/Documents/git/aem_unified/bluegrass/content/src/test/resources
2017-05-15 12:37:17,668 [Worker-120] INFO  o.e.m.c.i.l.LifecycleMappingFactory - Using DEFAULT lifecycle mapping for MavenProject: com.westfieldlabs:centre-bundle:0.2.1930-SNAPSHOT @ /Users/renovite/Documents/git/aem_unified/centre/bundle/pom.xml.
2017-05-15 12:37:17,775 [Worker-120] INFO  o.e.m.c.i.embedder.EclipseLogger - Using 'UTF-8' encoding to copy filtered resources.
2017-05-15 12:37:17,775 [Worker-120] INFO  o.e.m.c.i.embedder.EclipseLogger - Copying 0 resource
2017-05-15 12:37:17,776 [Worker-120] INFO  o.e.m.c.i.embedder.EclipseLogger - Using 'UTF-8' encoding to copy filtered resources.
2017-05-15 12:37:17,776 [Worker-120] INFO  o.e.m.c.i.embedder.EclipseLogger - skip non existing resourceDirectory /Users/renovite/Documents/git/aem_unified/centre/bundle/src/test/resources
2017-05-15 12:37:17,801 [Worker-120] INFO  o.e.m.c.i.l.LifecycleMappingFactory - Using DEFAULT lifecycle mapping for MavenProject: com.westfieldlabs:centre-content:0.2.1930-SNAPSHOT @ /Users/renovite/Documents/git/aem_unified/centre/content/pom.xml.
2017-05-15 12:37:17,823 [Worker-120] INFO  o.e.m.c.i.embedder.EclipseLogger - Using 'UTF-8' encoding to copy filtered resources.
2017-05-15 12:37:17,824 [Worker-120] INFO  o.e.m.c.i.embedder.EclipseLogger - Copying 0 resource
2017-05-15 12:37:17,824 [Worker-120] INFO  o.e.m.c.i.embedder.EclipseLogger - Using 'UTF-8' encoding to copy filtered resources.
2017-05-15 12:37:17,825 [Worker-120] INFO  o.e.m.c.i.embedder.EclipseLogger - skip non existing resourceDirectory /Users/renovite/Documents/git/aem_unified/centre/content/src/test/resources
2017-05-15 12:37:17,837 [Worker-120] INFO  o.e.m.c.i.l.LifecycleMappingFactory - Using NULL lifecycle mapping for MavenProject: com.westfieldlabs:configs:0.2.1930-SNAPSHOT @ /Users/renovite/Documents/git/aem_unified/configs/pom.xml.
2017-05-15 12:37:17,864 [Worker-120] INFO  o.e.m.c.i.l.LifecycleMappingFactory - Using DEFAULT lifecycle mapping for MavenProject: com.westfieldlabs:configs-content:0.2.1930-SNAPSHOT @ /Users/renovite/Documents/git/aem_unified/configs/content/pom.xml.
2017-05-15 12:37:17,876 [Worker-120] INFO  o.e.m.c.i.embedder.EclipseLogger - Using 'UTF-8' encoding to copy filtered resources.
2017-05-15 12:37:17,876 [Worker-120] INFO  o.e.m.c.i.embedder.EclipseLogger - Copying 0 resource
2017-05-15 12:37:17,877 [Worker-120] INFO  o.e.m.c.i.embedder.EclipseLogger - Using 'UTF-8' encoding to copy filtered resources.
2017-05-15 12:37:17,877 [Worker-120] INFO  o.e.m.c.i.embedder.EclipseLogger - skip non existing resourceDirectory /Users/renovite/Documents/git/aem_unified/configs/content/src/test/resources
2017-05-15 12:37:17,891 [Worker-120] INFO  o.e.m.c.i.l.LifecycleMappingFactory - Using NULL lifecycle mapping for MavenProject: com.westfieldlabs:gpp:0.2.1930-SNAPSHOT @ /Users/renovite/Documents/git/aem_unified/gpp/pom.xml.
2017-05-15 12:37:17,926 [Worker-120] INFO  o.e.m.c.i.l.LifecycleMappingFactory - Using DEFAULT lifecycle mapping for MavenProject: com.westfieldlabs:gpp-bundle:0.2.1930-SNAPSHOT @ /Users/renovite/Documents/git/aem_unified/gpp/bundle/pom.xml.
2017-05-15 12:37:18,046 [Worker-120] INFO  o.e.m.c.i.embedder.EclipseLogger - Using 'UTF-8' encoding to copy filtered resources.
2017-05-15 12:37:18,046 [Worker-120] INFO  o.e.m.c.i.embedder.EclipseLogger - skip non existing resourceDirectory /Users/renovite/Documents/git/aem_unified/gpp/bundle/src/main/resources
2017-05-15 12:37:18,047 [Worker-120] INFO  o.e.m.c.i.embedder.EclipseLogger - Using 'UTF-8' encoding to copy filtered resources.
2017-05-15 12:37:18,047 [Worker-120] INFO  o.e.m.c.i.embedder.EclipseLogger - skip non existing resourceDirectory /Users/renovite/Documents/git/aem_unified/gpp/bundle/src/test/resources
2017-05-15 12:37:18,072 [Worker-120] INFO  o.e.m.c.i.l.LifecycleMappingFactory - Using DEFAULT lifecycle mapping for MavenProject: com.westfieldlabs:combined:0.2.1930-SNAPSHOT @ /Users/renovite/Documents/git/aem_unified/combined/pom.xml.
2017-05-15 12:37:18,150 [Worker-120] INFO  o.e.m.c.i.embedder.EclipseLogger - Using 'UTF-8' encoding to copy filtered resources.
2017-05-15 12:37:18,150 [Worker-120] INFO  o.e.m.c.i.embedder.EclipseLogger - skip non existing resourceDirectory /Users/renovite/Documents/git/aem_unified/combined/src/main/content/META-INF
2017-05-15 12:37:18,150 [Worker-120] INFO  o.e.m.c.i.embedder.EclipseLogger - Using 'UTF-8' encoding to copy filtered resources.
2017-05-15 12:37:18,150 [Worker-120] INFO  o.e.m.c.i.embedder.EclipseLogger - skip non existing resourceDirectory /Users/renovite/Documents/git/aem_unified/combined/src/test/resources
2017-05-15 12:37:18,185 [Worker-120] INFO  o.e.m.c.i.l.LifecycleMappingFactory - Using DEFAULT lifecycle mapping for MavenProject: com.westfieldlabs:gpp-content:0.2.1930-SNAPSHOT @ /Users/renovite/Documents/git/aem_unified/gpp/content/pom.xml.
2017-05-15 12:37:18,264 [Worker-120] INFO  o.e.m.c.i.embedder.EclipseLogger - Using 'UTF-8' encoding to copy filtered resources.
2017-05-15 12:37:18,264 [Worker-120] INFO  o.e.m.c.i.embedder.EclipseLogger - Copying 0 resource
2017-05-15 12:37:18,265 [Worker-120] INFO  o.e.m.c.i.embedder.EclipseLogger - Using 'UTF-8' encoding to copy filtered resources.
2017-05-15 12:37:18,265 [Worker-120] INFO  o.e.m.c.i.embedder.EclipseLogger - skip non existing resourceDirectory /Users/renovite/Documents/git/aem_unified/gpp/content/src/test/resources
2017-05-15 12:37:18,426 [Worker-120] INFO  o.e.m.c.i.l.LifecycleMappingFactory - Using NULL lifecycle mapping for MavenProject: com.westfieldlabs:parent:0.2.1930-SNAPSHOT @ /Users/renovite/Documents/git/aem_unified/parent/pom.xml.
2017-05-15 12:37:18,428 [Worker-120] INFO  o.e.m.c.i.l.LifecycleMappingFactory - Using NULL lifecycle mapping for MavenProject: com.westfieldlabs:centre:0.2.1930-SNAPSHOT @ /Users/renovite/Documents/git/aem_unified/centre/pom.xml.
2017-05-15 12:37:18,430 [Worker-120] INFO  o.e.m.c.i.l.LifecycleMappingFactory - Using NULL lifecycle mapping for MavenProject: com.westfieldlabs:bluegrass:0.2.1930-SNAPSHOT @ /Users/renovite/Documents/git/aem_unified/bluegrass/pom.xml.
2017-05-15 12:37:18,560 [Worker-120] INFO  o.e.m.c.i.l.LifecycleMappingFactory - Using DEFAULT lifecycle mapping for MavenProject: com.westfieldlabs:bluegrass-bundle:0.2.1930-SNAPSHOT @ /Users/renovite/Documents/git/aem_unified/bluegrass/bundle/pom.xml.
2017-05-15 12:37:18,683 [Worker-120] INFO  o.e.m.c.i.l.LifecycleMappingFactory - Using DEFAULT lifecycle mapping for MavenProject: com.westfieldlabs:bluegrass-content:0.2.1930-SNAPSHOT @ /Users/renovite/Documents/git/aem_unified/bluegrass/content/pom.xml.
2017-05-15 12:37:18,702 [Worker-120] INFO  o.e.m.c.i.l.LifecycleMappingFactory - Using DEFAULT lifecycle mapping for MavenProject: com.westfieldlabs:centre-bundle:0.2.1930-SNAPSHOT @ /Users/renovite/Documents/git/aem_unified/centre/bundle/pom.xml.
2017-05-15 12:37:18,740 [Worker-120] INFO  o.e.m.c.i.l.LifecycleMappingFactory - Using DEFAULT lifecycle mapping for MavenProject: com.westfieldlabs:centre-content:0.2.1930-SNAPSHOT @ /Users/renovite/Documents/git/aem_unified/centre/content/pom.xml.
2017-05-15 12:37:18,745 [Worker-120] INFO  o.e.m.c.i.l.LifecycleMappingFactory - Using NULL lifecycle mapping for MavenProject: com.westfieldlabs:configs:0.2.1930-SNAPSHOT @ /Users/renovite/Documents/git/aem_unified/configs/pom.xml.
2017-05-15 12:37:18,757 [Worker-120] INFO  o.e.m.c.i.l.LifecycleMappingFactory - Using DEFAULT lifecycle mapping for MavenProject: com.westfieldlabs:configs-content:0.2.1930-SNAPSHOT @ /Users/renovite/Documents/git/aem_unified/configs/content/pom.xml.
2017-05-15 12:37:18,759 [Worker-120] INFO  o.e.m.c.i.l.LifecycleMappingFactory - Using NULL lifecycle mapping for MavenProject: com.westfieldlabs:gpp:0.2.1930-SNAPSHOT @ /Users/renovite/Documents/git/aem_unified/gpp/pom.xml.
2017-05-15 12:37:18,772 [Worker-120] INFO  o.e.m.c.i.l.LifecycleMappingFactory - Using DEFAULT lifecycle mapping for MavenProject: com.westfieldlabs:gpp-bundle:0.2.1930-SNAPSHOT @ /Users/renovite/Documents/git/aem_unified/gpp/bundle/pom.xml.
2017-05-15 12:37:18,813 [Worker-120] INFO  o.e.m.c.i.l.LifecycleMappingFactory - Using DEFAULT lifecycle mapping for MavenProject: com.westfieldlabs:combined:0.2.1930-SNAPSHOT @ /Users/renovite/Documents/git/aem_unified/combined/pom.xml.
2017-05-15 12:37:18,843 [Worker-120] INFO  o.e.m.c.i.l.LifecycleMappingFactory - Using DEFAULT lifecycle mapping for MavenProject: com.westfieldlabs:gpp-content:0.2.1930-SNAPSHOT @ /Users/renovite/Documents/git/aem_unified/gpp/content/pom.xml.
2017-05-15 12:37:20,327 [Worker-123] INFO  o.e.m.c.i.embedder.EclipseLogger - Using 'UTF-8' encoding to copy filtered resources.
2017-05-15 12:37:20,328 [Worker-123] INFO  o.e.m.c.i.embedder.EclipseLogger - Copying 0 resource
2017-05-15 12:37:20,329 [Worker-123] INFO  o.e.m.c.i.embedder.EclipseLogger - Using 'UTF-8' encoding to copy filtered resources.
2017-05-15 12:37:20,330 [Worker-123] INFO  o.e.m.c.i.embedder.EclipseLogger - skip non existing resourceDirectory /Users/renovite/Documents/git/aem_unified/bluegrass/bundle/src/test/resources
2017-05-15 12:37:20,483 [Worker-123] INFO  o.e.m.c.i.embedder.EclipseLogger - Using 'UTF-8' encoding to copy filtered resources.
2017-05-15 12:37:20,484 [Worker-123] INFO  o.e.m.c.i.embedder.EclipseLogger - Copying 0 resource
2017-05-15 12:37:20,485 [Worker-123] INFO  o.e.m.c.i.embedder.EclipseLogger - Using 'UTF-8' encoding to copy filtered resources.
2017-05-15 12:37:20,485 [Worker-123] INFO  o.e.m.c.i.embedder.EclipseLogger - skip non existing resourceDirectory /Users/renovite/Documents/git/aem_unified/bluegrass/content/src/test/resources
2017-05-15 12:37:20,658 [Worker-123] INFO  o.e.m.c.i.embedder.EclipseLogger - Using 'UTF-8' encoding to copy filtered resources.
2017-05-15 12:37:20,658 [Worker-123] INFO  o.e.m.c.i.embedder.EclipseLogger - Copying 0 resource
2017-05-15 12:37:20,659 [Worker-123] INFO  o.e.m.c.i.embedder.EclipseLogger - Using 'UTF-8' encoding to copy filtered resources.
2017-05-15 12:37:20,659 [Worker-123] INFO  o.e.m.c.i.embedder.EclipseLogger - skip non existing resourceDirectory /Users/renovite/Documents/git/aem_unified/centre/bundle/src/test/resources
2017-05-15 12:37:20,744 [Worker-123] INFO  o.e.m.c.i.embedder.EclipseLogger - Using 'UTF-8' encoding to copy filtered resources.
2017-05-15 12:37:20,744 [Worker-123] INFO  o.e.m.c.i.embedder.EclipseLogger - Copying 0 resource
2017-05-15 12:37:20,745 [Worker-123] INFO  o.e.m.c.i.embedder.EclipseLogger - Using 'UTF-8' encoding to copy filtered resources.
2017-05-15 12:37:20,745 [Worker-123] INFO  o.e.m.c.i.embedder.EclipseLogger - skip non existing resourceDirectory /Users/renovite/Documents/git/aem_unified/centre/content/src/test/resources
2017-05-15 12:37:20,835 [Worker-123] INFO  o.e.m.c.i.embedder.EclipseLogger - Using 'UTF-8' encoding to copy filtered resources.
2017-05-15 12:37:20,836 [Worker-123] INFO  o.e.m.c.i.embedder.EclipseLogger - Copying 0 resource
2017-05-15 12:37:20,837 [Worker-123] INFO  o.e.m.c.i.embedder.EclipseLogger - Using 'UTF-8' encoding to copy filtered resources.
2017-05-15 12:37:20,837 [Worker-123] INFO  o.e.m.c.i.embedder.EclipseLogger - skip non existing resourceDirectory /Users/renovite/Documents/git/aem_unified/configs/content/src/test/resources
2017-05-15 12:37:21,013 [Worker-123] INFO  o.e.m.c.i.embedder.EclipseLogger - Using 'UTF-8' encoding to copy filtered resources.
2017-05-15 12:37:21,014 [Worker-123] INFO  o.e.m.c.i.embedder.EclipseLogger - skip non existing resourceDirectory /Users/renovite/Documents/git/aem_unified/gpp/bundle/src/main/resources
2017-05-15 12:37:21,014 [Worker-123] INFO  o.e.m.c.i.embedder.EclipseLogger - Using 'UTF-8' encoding to copy filtered resources.
2017-05-15 12:37:21,014 [Worker-123] INFO  o.e.m.c.i.embedder.EclipseLogger - skip non existing resourceDirectory /Users/renovite/Documents/git/aem_unified/gpp/bundle/src/test/resources
2017-05-15 12:37:21,136 [Worker-123] INFO  o.e.m.c.i.embedder.EclipseLogger - Using 'UTF-8' encoding to copy filtered resources.
2017-05-15 12:37:21,136 [Worker-123] INFO  o.e.m.c.i.embedder.EclipseLogger - skip non existing resourceDirectory /Users/renovite/Documents/git/aem_unified/combined/src/main/content/META-INF
2017-05-15 12:37:21,136 [Worker-123] INFO  o.e.m.c.i.embedder.EclipseLogger - Using 'UTF-8' encoding to copy filtered resources.
2017-05-15 12:37:21,137 [Worker-123] INFO  o.e.m.c.i.embedder.EclipseLogger - skip non existing resourceDirectory /Users/renovite/Documents/git/aem_unified/combined/src/test/resources
2017-05-15 12:37:21,252 [Worker-123] INFO  o.e.m.c.i.embedder.EclipseLogger - Using 'UTF-8' encoding to copy filtered resources.
2017-05-15 12:37:21,252 [Worker-123] INFO  o.e.m.c.i.embedder.EclipseLogger - Copying 0 resource
2017-05-15 12:37:21,253 [Worker-123] INFO  o.e.m.c.i.embedder.EclipseLogger - Using 'UTF-8' encoding to copy filtered resources.
2017-05-15 12:37:21,253 [Worker-123] INFO  o.e.m.c.i.embedder.EclipseLogger - skip non existing resourceDirectory /Users/renovite/Documents/git/aem_unified/gpp/content/src/test/resources
2017-05-15 12:54:06,330 [Worker-120] INFO  o.e.m.c.i.embedder.EclipseLogger - Using 'UTF-8' encoding to copy filtered resources.
2017-05-15 12:54:06,332 [Worker-120] INFO  o.e.m.c.i.embedder.EclipseLogger - Copying 1 resource
2017-05-15 12:54:06,339 [Worker-120] INFO  o.e.m.c.i.embedder.EclipseLogger - Using 'UTF-8' encoding to copy filtered resources.
2017-05-15 12:54:06,339 [Worker-120] INFO  o.e.m.c.i.embedder.EclipseLogger - skip non existing resourceDirectory /Users/renovite/Documents/git/aem_unified/centre/content/src/test/resources
2017-05-15 13:16:35,052 [Worker-130] INFO  o.e.m.c.i.embedder.EclipseLogger - Using 'UTF-8' encoding to copy filtered resources.
2017-05-15 13:16:35,052 [Worker-130] INFO  o.e.m.c.i.embedder.EclipseLogger - Copying 1 resource
2017-05-15 13:16:35,053 [Worker-130] INFO  o.e.m.c.i.embedder.EclipseLogger - Using 'UTF-8' encoding to copy filtered resources.
2017-05-15 13:16:35,053 [Worker-130] INFO  o.e.m.c.i.embedder.EclipseLogger - skip non existing resourceDirectory /Users/renovite/Documents/git/aem_unified/centre/content/src/test/resources
2017-05-15 13:18:16,370 [Worker-130] INFO  o.e.m.c.i.embedder.EclipseLogger - Using 'UTF-8' encoding to copy filtered resources.
2017-05-15 13:18:16,378 [Worker-130] INFO  o.e.m.c.i.embedder.EclipseLogger - Copying 1 resource
2017-05-15 13:18:16,386 [Worker-130] INFO  o.e.m.c.i.embedder.EclipseLogger - Using 'UTF-8' encoding to copy filtered resources.
2017-05-15 13:18:16,386 [Worker-130] INFO  o.e.m.c.i.embedder.EclipseLogger - skip non existing resourceDirectory /Users/renovite/Documents/git/aem_unified/bluegrass/bundle/src/test/resources
2017-05-15 13:18:16,512 [Worker-130] INFO  o.e.m.c.i.embedder.EclipseLogger - Using 'UTF-8' encoding to copy filtered resources.
2017-05-15 13:18:16,709 [Worker-130] INFO  o.e.m.c.i.embedder.EclipseLogger - Copying 540 resources
2017-05-15 13:18:16,724 [Worker-130] INFO  o.e.m.c.i.embedder.EclipseLogger - Using 'UTF-8' encoding to copy filtered resources.
2017-05-15 13:18:16,724 [Worker-130] INFO  o.e.m.c.i.embedder.EclipseLogger - skip non existing resourceDirectory /Users/renovite/Documents/git/aem_unified/bluegrass/content/src/test/resources
2017-05-15 13:18:16,993 [Worker-130] INFO  o.e.m.c.i.embedder.EclipseLogger - Using 'UTF-8' encoding to copy filtered resources.
2017-05-15 13:18:16,993 [Worker-130] INFO  o.e.m.c.i.embedder.EclipseLogger - Copying 2 resources
2017-05-15 13:18:16,994 [Worker-130] INFO  o.e.m.c.i.embedder.EclipseLogger - Using 'UTF-8' encoding to copy filtered resources.
2017-05-15 13:18:16,994 [Worker-130] INFO  o.e.m.c.i.embedder.EclipseLogger - skip non existing resourceDirectory /Users/renovite/Documents/git/aem_unified/centre/bundle/src/test/resources
2017-05-15 13:18:17,034 [Worker-130] INFO  o.e.m.c.i.embedder.EclipseLogger - Using 'UTF-8' encoding to copy filtered resources.
2017-05-15 13:18:17,061 [Worker-130] INFO  o.e.m.c.i.embedder.EclipseLogger - Copying 714 resources
2017-05-15 13:18:17,121 [Worker-130] INFO  o.e.m.c.i.embedder.EclipseLogger - Using 'UTF-8' encoding to copy filtered resources.
2017-05-15 13:18:17,121 [Worker-130] INFO  o.e.m.c.i.embedder.EclipseLogger - skip non existing resourceDirectory /Users/renovite/Documents/git/aem_unified/centre/content/src/test/resources
2017-05-15 13:18:17,234 [Worker-130] INFO  o.e.m.c.i.embedder.EclipseLogger - Using 'UTF-8' encoding to copy filtered resources.
2017-05-15 13:18:17,279 [Worker-130] INFO  o.e.m.c.i.embedder.EclipseLogger - Copying 92 resources
2017-05-15 13:18:17,282 [Worker-130] INFO  o.e.m.c.i.embedder.EclipseLogger - Using 'UTF-8' encoding to copy filtered resources.
2017-05-15 13:18:17,282 [Worker-130] INFO  o.e.m.c.i.embedder.EclipseLogger - skip non existing resourceDirectory /Users/renovite/Documents/git/aem_unified/configs/content/src/test/resources
2017-05-15 13:18:17,478 [Worker-130] INFO  o.e.m.c.i.embedder.EclipseLogger - Using 'UTF-8' encoding to copy filtered resources.
2017-05-15 13:18:17,479 [Worker-130] INFO  o.e.m.c.i.embedder.EclipseLogger - skip non existing resourceDirectory /Users/renovite/Documents/git/aem_unified/gpp/bundle/src/main/resources
2017-05-15 13:18:17,481 [Worker-130] INFO  o.e.m.c.i.embedder.EclipseLogger - Using 'UTF-8' encoding to copy filtered resources.
2017-05-15 13:18:17,481 [Worker-130] INFO  o.e.m.c.i.embedder.EclipseLogger - skip non existing resourceDirectory /Users/renovite/Documents/git/aem_unified/gpp/bundle/src/test/resources
2017-05-15 13:18:17,561 [Worker-130] INFO  o.e.m.c.i.embedder.EclipseLogger - Using 'UTF-8' encoding to copy filtered resources.
2017-05-15 13:18:17,561 [Worker-130] INFO  o.e.m.c.i.embedder.EclipseLogger - skip non existing resourceDirectory /Users/renovite/Documents/git/aem_unified/combined/src/main/content/META-INF
2017-05-15 13:18:17,562 [Worker-130] INFO  o.e.m.c.i.embedder.EclipseLogger - Using 'UTF-8' encoding to copy filtered resources.
2017-05-15 13:18:17,562 [Worker-130] INFO  o.e.m.c.i.embedder.EclipseLogger - skip non existing resourceDirectory /Users/renovite/Documents/git/aem_unified/combined/src/test/resources
2017-05-15 13:18:17,644 [Worker-130] INFO  o.e.m.c.i.embedder.EclipseLogger - Using 'UTF-8' encoding to copy filtered resources.
2017-05-15 13:18:17,890 [Worker-130] INFO  o.e.m.c.i.embedder.EclipseLogger - Copying 320 resources
2017-05-15 13:18:17,895 [Worker-130] INFO  o.e.m.c.i.embedder.EclipseLogger - Using 'UTF-8' encoding to copy filtered resources.
2017-05-15 13:18:17,895 [Worker-130] INFO  o.e.m.c.i.embedder.EclipseLogger - skip non existing resourceDirectory /Users/renovite/Documents/git/aem_unified/gpp/content/src/test/resources
